<?xml version="1.0" encoding="UTF-8"?>
<!-- Generated by org.testng.reporters.JUnitXMLReporter -->
<testsuite hostname="umesh" ignored="0" name="Functional Testing" tests="2" failures="1" timestamp="29 Jun 2021 09:17:33 GMT" time="94.587" errors="0">
  <testcase name="searchChannelName" time="56.509" classname="com.qa.testscript.YouTubeChannelSearch"/>
  <testcase name="searchChannelName" time="5.904" classname="com.qa.testscript.YouTubeChannelSearch">
    <failure type="java.lang.AssertionError" message="expected [true] but found [false]">
      <![CDATA[java.lang.AssertionError: expected [true] but found [false]
	at com.qa.testscript.YouTubeChannelSearch.searchChannelName(YouTubeChannelSearch.java:65)
... Removed 38 stack frames]]>
    </failure>
  </testcase> <!-- searchChannelName -->
</testsuite> <!-- Functional Testing -->
